<?xml version="1.0" encoding="UTF-8"?>
<testng-results ignored="0" total="1" passed="1" failed="0" skipped="0">
  <reporter-output>
  </reporter-output>
  <suite started-at="2024-12-13T10:56:50 PST" name="Default suite" finished-at="2024-12-13T10:56:50 PST" duration-ms="38">
    <groups>
    </groups>
    <test started-at="2024-12-13T10:56:50 PST" name="Default test" finished-at="2024-12-13T10:56:50 PST" duration-ms="38">
      <class name="com.yahoo.example.docproc.MainAppTest">
        <test-method signature="testComputeHistogram()[pri:0, instance:com.yahoo.example.docproc.MainAppTest@794cb805]" started-at="2024-12-13T10:56:50 PST" name="testComputeHistogram" finished-at="2024-12-13T10:56:50 PST" duration-ms="8" status="PASS">
          <reporter-output>
          </reporter-output>
        </test-method> <!-- testComputeHistogram -->
      </class> <!-- com.yahoo.example.docproc.MainAppTest -->
    </test> <!-- Default test -->
  </suite> <!-- Default suite -->
</testng-results>
